 ---------------------------------------------------------------
 Surface and Strip Forces by surface

  Sref = 0.64000       Cref = 0.43000       Bref =  1.4700    
  Xref =  0.0000       Yref =  0.0000       Zref =  0.0000    

  Surface # 1     daggerboard                             
     # Chordwise =  3   # Spanwise = 15     First strip =  1
     Surface area Ssurf =    0.362706     Ave. chord Cave =    0.249159

 Forces referred to Sref, Cref, Bref about Xref, Yref, Zref
 Standard axis orientation,  X fwd, Z down         
     CLsurf  =   0.09780     Clsurf  =   0.05391
     CYsurf  =   0.00007     Cmsurf  =   0.54183
     CDsurf  =   0.00075     Cnsurf  =   0.00184
     CDisurf =   0.00075     CDvsurf =   0.00000

 Forces referred to Ssurf, Cave 
     CLsurf  =   0.17257     CDsurf  =   0.00132

 Strip Forces referred to Strip Area, Chord
    j     Xle      Yle      Zle      Chord    Area     c_cl     ai     cl_norm    cl       cd       cdv    cm_c/4     cm_LE   C.P.x/c
     1  -2.3049  -1.5438   0.0000   0.0743   0.0071   0.0170   0.0060   0.2392   0.2291  -0.0003   0.0000   0.0008  -0.0534    0.246
     2  -2.3376  -1.4481   0.0000   0.1245   0.0119   0.0266   0.0090   0.2236   0.2142   0.0003   0.0000   0.0007  -0.0500    0.247
     3  -2.3703  -1.3524   0.0000   0.1747   0.0167   0.0342   0.0123   0.2047   0.1961   0.0009   0.0000   0.0006  -0.0458    0.247
     4  -2.3949  -1.2557   0.0000   0.2097   0.0205   0.0399   0.0136   0.1932   0.1905   0.0012   0.0000   0.0008  -0.0462    0.246
     5  -2.4114  -1.1579   0.0000   0.2295   0.0224   0.0441   0.0137   0.1950   0.1923   0.0012   0.0000   0.0008  -0.0466    0.246
     6  -2.4279  -1.0601   0.0000   0.2493   0.0244   0.0474   0.0148   0.1929   0.1903   0.0013   0.0000   0.0007  -0.0462    0.247
     7  -2.4413  -0.9632   0.0000   0.2642   0.0254   0.0499   0.0215   0.1901   0.1889   0.0013   0.0000   0.0007  -0.0462    0.246
     8  -2.4515  -0.8671   0.0000   0.2742   0.0263   0.0516   0.0038   0.1895   0.1883   0.0013   0.0000   0.0008  -0.0460    0.246
     9  -2.4618  -0.7711   0.0000   0.2842   0.0273   0.0527   0.0078   0.1868   0.1856   0.0014   0.0000   0.0008  -0.0453    0.246
    10  -2.4709  -0.6745   0.0000   0.2924   0.0284   0.0532   0.0095   0.1826   0.1819   0.0014   0.0000   0.0009  -0.0444    0.245
    11  -2.4788  -0.5775   0.0000   0.2989   0.0290   0.0528   0.0138   0.1774   0.1767   0.0015   0.0000   0.0011  -0.0429    0.244
    12  -2.4866  -0.4805   0.0000   0.3055   0.0296   0.0514  -0.0005   0.1691   0.1684   0.0015   0.0000   0.0014  -0.0405    0.241
    13  -2.4939  -0.3826   0.0000   0.3112   0.0307   0.0485   0.0280   0.1564   0.1559   0.0016   0.0000   0.0019  -0.0370    0.238
    14  -2.5006  -0.2839   0.0000   0.3162   0.0312   0.0429   0.0188   0.1363   0.1359   0.0016   0.0000   0.0026  -0.0313    0.231
    15  -2.5072  -0.1853   0.0000   0.3212   0.0317   0.0319   0.0298   0.0998   0.0995   0.0015   0.0000   0.0032  -0.0217    0.218

  Surface # 2     rudder                                  
     # Chordwise =  3   # Spanwise = 10     First strip = 16
     Surface area Ssurf =    0.255272     Ave. chord Cave =    0.271512

 Forces referred to Sref, Cref, Bref about Xref, Yref, Zref
 Standard axis orientation,  X fwd, Z down         
     CLsurf  =   0.00318     Clsurf  =   0.00089
     CYsurf  =   0.00005     Cmsurf  =  -0.00029
     CDsurf  =  -0.00008     Cnsurf  =   0.00001
     CDisurf =  -0.00008     CDvsurf =   0.00000

 Forces referred to Ssurf, Cave 
     CLsurf  =   0.00798     CDsurf  =  -0.00020

 Strip Forces referred to Strip Area, Chord
    j     Xle      Yle      Zle      Chord    Area     c_cl     ai     cl_norm    cl       cd       cdv    cm_c/4     cm_LE   C.P.x/c
    16   0.0325   0.0675   0.0007   0.3275   0.0377   0.0216  -0.0208   0.0662   0.0661  -0.0009   0.0000   0.0041  -0.0124    0.188
    17   0.0375   0.1825   0.0009   0.3225   0.0371   0.0108   0.0326   0.0337   0.0337   0.0001   0.0000   0.0006  -0.0078    0.233
    18   0.0433   0.2783   0.0010   0.3167   0.0243   0.0037   0.0191   0.0118   0.0118   0.0001   0.0000  -0.0007  -0.0036    0.312
    19   0.0500   0.3550   0.0012   0.3100   0.0238  -0.0001   0.0267  -0.0005  -0.0005  -0.0000   0.0000  -0.0010  -0.0008  999.000
    20   0.0566   0.4317   0.0015   0.3033   0.0233  -0.0024  -0.0185  -0.0079  -0.0079  -0.0001   0.0000  -0.0008   0.0011    0.144
    21   0.0725   0.5300   0.0019   0.2900   0.0348  -0.0039   0.0327  -0.0140  -0.0136  -0.0001   0.0000  -0.0007   0.0027    0.202
    22   0.0975   0.6500   0.0027   0.2700   0.0324  -0.0045   0.0101  -0.0171  -0.0166  -0.0002   0.0000  -0.0005   0.0036    0.221
    23   0.1324   0.7500   0.0038   0.2375   0.0190  -0.0042   0.0083  -0.0207  -0.0176  -0.0002   0.0000  -0.0003   0.0035    0.231
    24   0.1774   0.8300   0.0052   0.1925   0.0154  -0.0035   0.0029  -0.0213  -0.0181  -0.0002   0.0000  -0.0003   0.0037    0.233
    25   0.2799   0.9100   0.0084   0.0950   0.0076  -0.0021   0.0174  -0.0726  -0.0217  -0.0003   0.0000   0.0010   0.0029    0.297
 ---------------------------------------------------------------
