 ---------------------------------------------------------------
 Surface and Strip Forces by surface

  Sref =  28.980       Cref =  3.4300       Bref =  8.4600    
  Xref =  0.0000       Yref =  0.0000       Zref =  0.0000    

  Surface # 1     main                                    
     # Chordwise =  3   # Spanwise = 10     First strip =  1
     Surface area Ssurf =   18.315673     Ave. chord Cave =    2.181267

 Forces referred to Sref, Cref, Bref about Xref, Yref, Zref
 Standard axis orientation,  X fwd, Z down         
     CLsurf  =   0.79015     Clsurf  =  -0.53720
     CYsurf  =   0.10828     Cmsurf  =   0.20414
     CDsurf  =   0.14029     Cnsurf  =   0.09805
     CDisurf =   0.14029     CDvsurf =   0.00000

 Forces referred to Ssurf, Cave 
     CLsurf  =   1.26173     CDsurf  =   0.22197

 Strip Forces referred to Strip Area, Chord
    j     Xle      Yle      Zle      Chord    Area     c_cl     ai     cl_norm    cl       cd       cdv    cm_c/4     cm_LE   C.P.x/c
     1  -1.8251   1.7397   1.8251   2.7117   2.4201   1.5589   0.2535   0.5781   0.5749   0.1139   0.0000  -0.0368  -0.1800    0.314
     2  -1.7537   2.6632   1.7537   2.6935   2.5862   2.0820   0.2442   0.7768   0.7730   0.1603   0.0000  -0.0677  -0.2601    0.338
     3  -1.6656   3.6256   1.6656   2.6136   2.5425   2.3623   0.2361   0.9084   0.9038   0.1991   0.0000  -0.0967  -0.3211    0.357
     4  -1.5648   4.5750   1.5648   2.4852   2.3280   2.5804   0.2386   1.0438   1.0383   0.2385   0.0000  -0.1236  -0.3808    0.369
     5  -1.4803   5.2846   1.4803   2.3593   1.1618   2.7703   0.2445   1.1811   1.1742   0.2718   0.0000  -0.1424  -0.4324    0.371
     6  -1.4172   5.7729   1.4172   2.2580   1.1119   2.9605   0.2539   1.3188   1.3111   0.2959   0.0000  -0.1543  -0.4782    0.368
     7  -1.3181   6.4833   1.3181   2.0887   1.9676   3.2649   0.2598   1.5732   1.5631   0.3177   0.0000  -0.1660  -0.5511    0.356
     8  -1.1733   7.4310   1.1733   1.8280   1.7833   3.8753   0.1918   2.1356   2.1200   0.2208   0.0000  -0.1472  -0.6688    0.319
     9  -1.0123   8.3859   1.0123   1.5295   1.4702   3.5031   0.2555   2.3100   2.2903   0.2528   0.0000  -0.1587  -0.7205    0.319
    10  -0.8563   9.2379   0.8563   1.2245   0.9440   2.5741   0.3301   2.1197   2.1021   0.2950   0.0000  -0.1507  -0.6646    0.322

  Surface # 2     jib                                     
     # Chordwise =  2   # Spanwise = 10     First strip = 11
     Surface area Ssurf =    9.972575     Ave. chord Cave =    1.455565

 Forces referred to Sref, Cref, Bref about Xref, Yref, Zref
 Standard axis orientation,  X fwd, Z down         
     CLsurf  =   0.47937     Clsurf  =  -0.15834
     CYsurf  =   0.17337     Cmsurf  =   0.33931
     CDsurf  =   0.02127     Cnsurf  =   0.05134
     CDisurf =   0.02127     CDvsurf =   0.00000

 Forces referred to Ssurf, Cave 
     CLsurf  =   1.48133     CDsurf  =   0.06182

 Strip Forces referred to Strip Area, Chord
    j     Xle      Yle      Zle      Chord    Area     c_cl     ai     cl_norm    cl       cd       cdv    cm_c/4     cm_LE   C.P.x/c
    11  -3.7477   0.9088   3.7477   2.5066   1.8123   1.4545   0.1550   0.6189   0.5803   0.0686   0.0000  -0.0253  -0.1614    0.294
    12  -3.4975   1.6055   3.4975   2.2629   1.7140   2.0393   0.1658   0.9591   0.9012   0.0864   0.0000  -0.0435  -0.2547    0.298
    13  -3.2415   2.3183   3.2415   2.0074   1.5205   2.3614   0.1937   1.2521   1.1763   0.0925   0.0000  -0.0596  -0.3351    0.301
    14  -2.9797   3.0474   2.9797   1.7427   1.3800   2.5405   0.2206   1.5498   1.4578   0.0922   0.0000  -0.0767  -0.4180    0.303
    15  -2.7819   3.5982   2.7819   1.5399   0.5832   2.5921   0.2350   1.7899   1.6834   0.0881   0.0000  -0.0909  -0.4848    0.304
    16  -2.6539   3.9547   2.6539   1.4090   0.5336   2.5977   0.2424   1.9604   1.8437   0.0815   0.0000  -0.1009  -0.5322    0.305
    17  -2.4619   4.4893   2.4619   1.2088   0.9156   2.5637   0.2501   2.2525   2.1209   0.0679   0.0000  -0.1175  -0.6136    0.305
    18  -2.2060   5.2022   2.2060   0.9396   0.7117   2.3925   0.2575   2.7043   2.5461   0.0266   0.0000  -0.1405  -0.7361    0.305
    19  -1.9441   5.9313   1.9441   0.6609   0.5234   2.0356   0.2784   3.2676   3.0800  -0.0607   0.0000  -0.1654  -0.8862    0.304
    20  -1.6823   6.6603   1.6823   0.3676   0.2784   1.3795   0.2821   3.9684   3.7530  -0.2441   0.0000  -0.1897  -1.0686    0.301
 ---------------------------------------------------------------
