 ---------------------------------------------------------------
 Surface and Strip Forces by surface

  Sref = 0.37000       Cref = 0.25000       Bref =  1.4700    
  Xref =  0.0000       Yref =  0.0000       Zref =  0.0000    

  Surface # 1     daggerboard                             
     # Chordwise =  2   # Spanwise = 10     First strip =  1
     Surface area Ssurf =    0.366259     Ave. chord Cave =    0.251600

 Forces referred to Sref, Cref, Bref about Xref, Yref, Zref
 Standard axis orientation,  X fwd, Z down         
     CLsurf  =   0.78151     Clsurf  =   0.42651
     CYsurf  =   0.00323     Cmsurf  =   7.38022
     CDsurf  =   0.02624     Cnsurf  =   0.06774
     CDisurf =   0.02624     CDvsurf =   0.00000

 Forces referred to Ssurf, Cave 
     CLsurf  =   0.78949     CDsurf  =   0.02651

 Strip Forces referred to Strip Area, Chord
    j     Xle      Yle      Zle      Chord    Area     c_cl     ai     cl_norm    cl       cd       cdv    cm_c/4     cm_LE   C.P.x/c
     1  -2.3201  -1.5117   0.0000   0.0996   0.0159   0.0991   0.0312   1.0640   1.0094   0.0016   0.0000  -0.0001  -0.2313    0.250
     2  -2.3730  -1.3506   0.0000   0.1799   0.0292   0.1579   0.0555   0.9131   0.8878   0.0190   0.0000   0.0028  -0.2094    0.247
     3  -2.4086  -1.1883   0.0000   0.2271   0.0368   0.1942   0.0598   0.8767   0.8641   0.0238   0.0000   0.0028  -0.2077    0.247
     4  -2.4335  -1.0263   0.0000   0.2561   0.0415   0.2171   0.0611   0.8643   0.8566   0.0255   0.0000   0.0027  -0.2075    0.247
     5  -2.4484  -0.9055   0.0000   0.2716   0.0216   0.2279   0.0624   0.8527   0.8474   0.0263   0.0000   0.0028  -0.2058    0.247
     6  -2.4568  -0.8258   0.0000   0.2797   0.0223   0.2342   0.0634   0.8509   0.8456   0.0268   0.0000   0.0029  -0.2053    0.247
     7  -2.4684  -0.7038   0.0000   0.2903   0.0478   0.2392   0.0662   0.8355   0.8315   0.0279   0.0000   0.0032  -0.2019    0.246
     8  -2.4822  -0.5401   0.0000   0.3021   0.0492   0.2368   0.0731   0.7937   0.7907   0.0298   0.0000   0.0044  -0.1909    0.244
     9  -2.4946  -0.3746   0.0000   0.3120   0.0525   0.2203   0.0849   0.7137   0.7114   0.0319   0.0000   0.0069  -0.1692    0.240
    10  -2.5055  -0.2132   0.0000   0.3201   0.0495   0.1718   0.1028   0.5407   0.5392   0.0314   0.0000   0.0109  -0.1230    0.230
 ---------------------------------------------------------------
