 ---------------------------------------------------------------
 Surface and Strip Forces by surface

  Sref =  30.090       Cref =  3.5600       Bref =  8.4600    
  Xref =  0.0000       Yref =  0.0000       Zref =  0.0000    

  Surface # 1     main                                    
     # Chordwise =  3   # Spanwise = 10     First strip =  1
     Surface area Ssurf =   18.244296     Ave. chord Cave =    2.182466

 Forces referred to Sref, Cref, Bref about Xref, Yref, Zref
 Standard axis orientation,  X fwd, Z down         
     CLsurf  =   0.62494     Clsurf  =  -0.45209
     CYsurf  =   0.05928     Cmsurf  =   0.18182
     CDsurf  =   0.11592     Cnsurf  =   0.07792
     CDisurf =   0.11592     CDvsurf =   0.00000

 Forces referred to Ssurf, Cave 
     CLsurf  =   1.03528     CDsurf  =   0.19118

 Strip Forces referred to Strip Area, Chord
    j     Xle      Yle      Zle      Chord    Area     c_cl     ai     cl_norm    cl       cd       cdv    cm_c/4     cm_LE   C.P.x/c
     1  -2.2353   1.7397   1.2905   2.7117   2.4171   1.0842   0.2769   0.4031   0.3998   0.1018   0.0000  -0.0488  -0.1482    0.372
     2  -2.1478   2.6632   1.2400   2.6935   2.5816   1.3662   0.2689   0.5112   0.5072   0.1420   0.0000  -0.0831  -0.2088    0.414
     3  -2.0400   3.6256   1.1778   2.6136   2.5363   1.5527   0.2531   0.5993   0.5941   0.1770   0.0000  -0.1129  -0.2596    0.440
     4  -1.9165   4.5750   1.1065   2.4852   2.3206   1.8130   0.2488   0.7366   0.7295   0.2206   0.0000  -0.1388  -0.3181    0.440
     5  -1.8129   5.2846   1.0467   2.3593   1.1570   2.1384   0.2569   0.9166   0.9064   0.2634   0.0000  -0.1542  -0.3762    0.420
     6  -1.7357   5.7729   1.0021   2.2580   1.1073   2.4635   0.2759   1.1033   1.0910   0.2951   0.0000  -0.1621  -0.4295    0.399
     7  -1.6144   6.4833   0.9321   2.0887   1.9575   2.9760   0.3388   1.4431   1.4248   0.2997   0.0000  -0.1635  -0.5118    0.365
     8  -1.4369   7.4310   0.8296   1.8280   1.7721   3.6695   0.1844   2.0374   2.0074   0.1573   0.0000  -0.1380  -0.6280    0.319
     9  -1.2398   8.3859   0.7158   1.5295   1.4591   3.2156   0.2179   2.1394   2.1024   0.1711   0.0000  -0.1538  -0.6642    0.323
    10  -1.0487   9.2379   0.6055   1.2245   0.9357   2.2956   0.2649   1.9088   1.8747   0.1796   0.0000  -0.1458  -0.5986    0.328

  Surface # 2     jib                                     
     # Chordwise =  2   # Spanwise = 10     First strip = 11
     Surface area Ssurf =   10.473138     Ave. chord Cave =    1.625000

 Forces referred to Sref, Cref, Bref about Xref, Yref, Zref
 Standard axis orientation,  X fwd, Z down         
     CLsurf  =   0.66251     Clsurf  =  -0.23085
     CYsurf  =   0.18033     Cmsurf  =   0.62452
     CDsurf  =   0.07210     Cnsurf  =   0.08246
     CDisurf =   0.07210     CDvsurf =   0.00000

 Forces referred to Ssurf, Cave 
     CLsurf  =   1.97242     CDsurf  =   0.20715

 Strip Forces referred to Strip Area, Chord
    j     Xle      Yle      Zle      Chord    Area     c_cl     ai     cl_norm    cl       cd       cdv    cm_c/4     cm_LE   C.P.x/c
    11  -4.8762   0.9239   2.8153   2.8917   2.0708   2.4377   0.3163   0.9596   0.8430   0.2142   0.0000  -0.0246  -0.2119    0.279
    12  -4.5308   1.6117   2.6158   2.5750   1.8440   3.3649   0.3244   1.4874   1.3068   0.2716   0.0000  -0.0473  -0.3368    0.286
    13  -4.1853   2.2994   2.4164   2.2583   1.6172   3.8328   0.3404   1.9318   1.6972   0.2936   0.0000  -0.0692  -0.4444    0.291
    14  -3.8399   2.9872   2.2169   1.9417   1.3905   4.0197   0.3404   2.3565   2.0703   0.2920   0.0000  -0.0911  -0.5482    0.294
    15  -3.5808   3.5031   2.0674   1.7042   0.6102   3.9952   0.3314   2.6685   2.3444   0.2671   0.0000  -0.1070  -0.6243    0.296
    16  -3.4081   3.8469   1.9676   1.5458   0.5535   3.9071   0.3210   2.8770   2.5275   0.2399   0.0000  -0.1179  -0.6753    0.297
    17  -3.1490   4.3628   1.8181   1.3083   0.9369   3.7231   0.3044   3.2392   2.8457   0.2034   0.0000  -0.1358  -0.7631    0.298
    18  -2.8035   5.0506   1.6186   0.9917   0.7101   3.2820   0.2693   3.7672   3.3096   0.0826   0.0000  -0.1588  -0.8883    0.298
    19  -2.4581   5.7383   1.4192   0.6750   0.4834   2.6062   0.2675   4.3949   3.8611  -0.1343   0.0000  -0.1821  -1.0334    0.297
    20  -2.1126   6.4261   1.2197   0.3583   0.2566   1.6290   0.2811   5.1748   4.5462  -0.5288   0.0000  -0.2038  -1.2072    0.295
 ---------------------------------------------------------------
