 ---------------------------------------------------------------
 Surface and Strip Forces by surface

  Sref =  18.310       Cref =  2.1600       Bref =  8.4600    
  Xref =  0.0000       Yref =  0.0000       Zref =  0.0000    

  Surface # 1     main                                    
     # Chordwise =  3   # Spanwise = 10     First strip =  1
     Surface area Ssurf =   18.242566     Ave. chord Cave =    2.163119

 Forces referred to Sref, Cref, Bref about Xref, Yref, Zref
 Standard axis orientation,  X fwd, Z down         
     CLsurf  =   1.72073     Clsurf  =  -1.02243
     CYsurf  =   0.31889     Cmsurf  =  -1.10984
     CDsurf  =   0.23206     Cnsurf  =   0.08419
     CDisurf =   0.23206     CDvsurf =   0.00000

 Forces referred to Ssurf, Cave 
     CLsurf  =   1.75534     CDsurf  =   0.23292

 Strip Forces referred to Strip Area, Chord
    j     Xle      Yle      Zle      Chord    Area     c_cl     ai     cl_norm    cl       cd       cdv    cm_c/4     cm_LE   C.P.x/c
     1   1.2835   1.8148   2.2231   2.6890   2.8110   2.9407   0.3166   1.0979   1.0936   0.1676   0.0000   0.0038  -0.2692    0.247
     2   1.2253   2.8552   2.1223   2.6608   2.7815   3.9674   0.2965   1.4969   1.4911   0.2030   0.0000  -0.0218  -0.3939    0.265
     3   1.1680   3.7317   2.0231   2.5916   1.8638   4.3797   0.2844   1.7129   1.6900   0.2165   0.0000  -0.0401  -0.4612    0.274
     4   1.1117   4.4443   1.9255   2.4815   1.7847   4.5562   0.2685   1.8610   1.8361   0.2299   0.0000  -0.0556  -0.5130    0.280
     5   1.0554   5.1568   1.8279   2.3714   1.7055   4.5842   0.2628   1.9594   1.9331   0.2376   0.0000  -0.0686  -0.5502    0.285
     6   0.9903   5.8689   1.7153   2.2249   1.6088   4.4936   0.2522   2.0748   2.0197   0.2474   0.0000  -0.0809  -0.5828    0.290
     7   0.9166   6.5806   1.5876   2.0420   1.4765   4.2823   0.2367   2.1543   2.0971   0.2585   0.0000  -0.0927  -0.6138    0.294
     8   0.8429   7.2923   1.4600   1.8592   1.3443   3.9508   0.2343   2.1830   2.1250   0.2684   0.0000  -0.1029  -0.6309    0.298
     9   0.7431   8.1403   1.2871   1.5948   1.6076   3.4200   0.2238   2.2396   2.1445   0.2835   0.0000  -0.1133  -0.6444    0.303
    10   0.6172   9.1244   1.0691   1.2490   1.2590   2.4629   0.2397   2.0593   1.9719   0.3162   0.0000  -0.1206  -0.6088    0.311
 ---------------------------------------------------------------
