 ---------------------------------------------------------------
 Surface and Strip Forces by surface

  Sref =  45.580       Cref =  7.2000       Bref =  6.3300    
  Xref =  0.0000       Yref =  0.0000       Zref =  0.0000    

  Surface # 1     star_fore                               
     # Chordwise =  3   # Spanwise = 10     First strip =  1
     Surface area Ssurf =   11.392710     Ave. chord Cave =    1.799999

 Forces referred to Sref, Cref, Bref about Xref, Yref, Zref
 Standard axis orientation,  X fwd, Z down         
     CLsurf  =   0.19757     Clsurf  =  -0.11604
     CYsurf  =   0.01692     Cmsurf  =   2.64629
     CDsurf  =   0.00712     Cnsurf  =   0.26242
     CDisurf =   0.00712     CDvsurf =   0.00000

 Forces referred to Ssurf, Cave 
     CLsurf  =  -0.79334     CDsurf  =   0.02847

 Strip Forces referred to Strip Area, Chord
    j     Xle      Yle      Zle      Chord    Area     c_cl     ai     cl_norm    cl       cd       cdv    cm_c/4     cm_LE   C.P.x/c
     1 -97.1764   5.9890  -9.9511   1.8000   1.1450  -0.8493  -0.2915  -0.4719  -0.4718   0.0298   0.0000  -0.0165   0.1015    0.215
     2 -97.1860   5.3553  -9.8965   1.8000   1.1450  -1.1617  -0.2179  -0.6455  -0.6454   0.0327   0.0000  -0.0126   0.1487    0.230
     3 -97.1955   4.7215  -9.8419   1.8000   1.1450  -1.3344  -0.1846  -0.7415  -0.7413   0.0320   0.0000  -0.0088   0.1765    0.238
     4 -97.2051   4.0878  -9.7873   1.8000   1.1450  -1.4414  -0.1648  -0.8010  -0.8008   0.0304   0.0000  -0.0063   0.1938    0.242
     5 -97.2145   3.4619  -9.7334   1.8000   1.1164  -1.5109  -0.1517  -0.8396  -0.8394   0.0289   0.0000  -0.0047   0.2051    0.244
     6 -97.2239   2.8440  -9.6801   1.8000   1.1164  -1.5575  -0.1425  -0.8655  -0.8653   0.0275   0.0000  -0.0037   0.2126    0.246
     7 -97.2333   2.2182  -9.6262   1.8000   1.1450  -1.5890  -0.1357  -0.8830  -0.8828   0.0265   0.0000  -0.0029   0.2177    0.247
     8 -97.2428   1.5844  -9.5715   1.8000   1.1450  -1.6088  -0.1308  -0.8940  -0.8938   0.0257   0.0000  -0.0024   0.2211    0.247
     9 -97.2524   0.9506  -9.5169   1.8000   1.1450  -1.6183  -0.1272  -0.8993  -0.8991   0.0254   0.0000  -0.0017   0.2230    0.248
    10 -97.2620   0.3169  -9.4623   1.8000   1.1450  -1.6143  -0.1247  -0.8971  -0.8969   0.0258   0.0000  -0.0003   0.2239    0.250

  Surface # 2     port_fore                               
     # Chordwise =  3   # Spanwise = 10     First strip = 11
     Surface area Ssurf =   11.392672     Ave. chord Cave =    1.799999

 Forces referred to Sref, Cref, Bref about Xref, Yref, Zref
 Standard axis orientation,  X fwd, Z down         
     CLsurf  =   0.20140     Clsurf  =  -0.11770
     CYsurf  =  -0.01724     Cmsurf  =   2.71418
     CDsurf  =   0.00724     Cnsurf  =  -0.25948
     CDisurf =   0.00724     CDvsurf =   0.00000

 Forces referred to Ssurf, Cave 
     CLsurf  =  -0.80870     CDsurf  =   0.02898

 Strip Forces referred to Strip Area, Chord
    j     Xle      Yle      Zle      Chord    Area     c_cl     ai     cl_norm    cl       cd       cdv    cm_c/4     cm_LE   C.P.x/c
    11 -97.1668   5.9890   9.9511   1.8000   1.1450  -0.8544  -0.2898  -0.4748  -0.4747   0.0311   0.0000  -0.0157   0.1029    0.217
    12 -97.1571   5.3553   9.8966   1.8000   1.1450  -1.1704  -0.2165  -0.6504  -0.6502   0.0340   0.0000  -0.0121   0.1505    0.231
    13 -97.1474   4.7215   9.8420   1.8000   1.1450  -1.3468  -0.1837  -0.7484  -0.7482   0.0331   0.0000  -0.0085   0.1785    0.239
    14 -97.1377   4.0878   9.7874   1.8000   1.1450  -1.4577  -0.1643  -0.8100  -0.8098   0.0314   0.0000  -0.0061   0.1963    0.242
    15 -97.1281   3.4619   9.7335   1.8000   1.1164  -1.5314  -0.1517  -0.8510  -0.8508   0.0296   0.0000  -0.0046   0.2081    0.245
    16 -97.1187   2.8440   9.6802   1.8000   1.1164  -1.5826  -0.1428  -0.8794  -0.8792   0.0281   0.0000  -0.0036   0.2161    0.246
    17 -97.1091   2.2182   9.6263   1.8000   1.1450  -1.6196  -0.1366  -0.9000  -0.8998   0.0269   0.0000  -0.0030   0.2219    0.247
    18 -97.0994   1.5844   9.5717   1.8000   1.1450  -1.6465  -0.1326  -0.9149  -0.9147   0.0260   0.0000  -0.0027   0.2259    0.247
    19 -97.0897   0.9506   9.5171   1.8000   1.1450  -1.6664  -0.1307  -0.9260  -0.9258   0.0252   0.0000  -0.0028   0.2286    0.247
    20 -97.0800   0.3169   9.4625   1.8000   1.1450  -1.6858  -0.1314  -0.9368  -0.9366   0.0244   0.0000  -0.0041   0.2301    0.246

  Surface # 3     star_aft                                
     # Chordwise =  3   # Spanwise = 10     First strip = 21
     Surface area Ssurf =   11.391124     Ave. chord Cave =    1.799999

 Forces referred to Sref, Cref, Bref about Xref, Yref, Zref
 Standard axis orientation,  X fwd, Z down         
     CLsurf  =   0.22955     Clsurf  =  -0.13317
     CYsurf  =   0.01886     Cmsurf  =   2.32435
     CDsurf  =   0.02406     Cnsurf  =   0.23196
     CDisurf =   0.02406     CDvsurf =   0.00000

 Forces referred to Ssurf, Cave 
     CLsurf  =  -0.92159     CDsurf  =   0.09629

 Strip Forces referred to Strip Area, Chord
    j     Xle      Yle      Zle      Chord    Area     c_cl     ai     cl_norm    cl       cd       cdv    cm_c/4     cm_LE   C.P.x/c
    21 -74.2901   5.9890  -9.9517   1.8000   1.1448  -1.0254  -0.2916  -0.5699  -0.5696   0.0712   0.0000  -0.0222   0.1202    0.211
    22 -74.3043   5.3553  -9.8981   1.8000   1.1448  -1.3295  -0.2180  -0.7390  -0.7386   0.0930   0.0000  -0.0139   0.1707    0.231
    23 -74.3186   4.7215  -9.8445   1.8000   1.1448  -1.5120  -0.1847  -0.8404  -0.8400   0.1000   0.0000  -0.0090   0.2009    0.239
    24 -74.3329   4.0878  -9.7909   1.8000   1.1448  -1.6402  -0.1650  -0.9117  -0.9112   0.1017   0.0000  -0.0065   0.2212    0.243
    25 -74.3470   3.4619  -9.7380   1.8000   1.1162  -1.7338  -0.1519  -0.9637  -0.9632   0.1015   0.0000  -0.0051   0.2356    0.245
    26 -74.3609   2.8440  -9.6858   1.8000   1.1162  -1.8028  -0.1426  -1.0021  -1.0016   0.1006   0.0000  -0.0042   0.2461    0.246
    27 -74.3750   2.2182  -9.6329   1.8000   1.1448  -1.8534  -0.1358  -1.0302  -1.0297   0.0996   0.0000  -0.0036   0.2538    0.247
    28 -74.3893   1.5844  -9.5793   1.8000   1.1448  -1.8877  -0.1309  -1.0492  -1.0487   0.0986   0.0000  -0.0030   0.2591    0.247
    29 -74.4036   0.9506  -9.5257   1.8000   1.1448  -1.9061  -0.1273  -1.0595  -1.0589   0.0981   0.0000  -0.0022   0.2625    0.248
    30 -74.4179   0.3169  -9.4722   1.8000   1.1448  -1.9032  -0.1247  -1.0579  -1.0573   0.0989   0.0000  -0.0001   0.2642    0.250

  Surface # 4     port_aft                                
     # Chordwise =  3   # Spanwise = 10     First strip = 31
     Surface area Ssurf =   11.391069     Ave. chord Cave =    1.799999

 Forces referred to Sref, Cref, Bref about Xref, Yref, Zref
 Standard axis orientation,  X fwd, Z down         
     CLsurf  =   0.23463     Clsurf  =  -0.13538
     CYsurf  =  -0.01926     Cmsurf  =   2.43705
     CDsurf  =   0.02453     Cnsurf  =  -0.21261
     CDisurf =   0.02453     CDvsurf =   0.00000

 Forces referred to Ssurf, Cave 
     CLsurf  =  -0.94202     CDsurf  =   0.09816

 Strip Forces referred to Strip Area, Chord
    j     Xle      Yle      Zle      Chord    Area     c_cl     ai     cl_norm    cl       cd       cdv    cm_c/4     cm_LE   C.P.x/c
    31 -74.2757   5.9890   9.9517   1.8000   1.1448  -1.0333  -0.2899  -0.5743  -0.5740   0.0737   0.0000  -0.0210   0.1224    0.213
    32 -74.2613   5.3553   9.8981   1.8000   1.1448  -1.3421  -0.2166  -0.7460  -0.7456   0.0953   0.0000  -0.0131   0.1733    0.232
    33 -74.2469   4.7215   9.8446   1.8000   1.1448  -1.5293  -0.1838  -0.8500  -0.8496   0.1021   0.0000  -0.0085   0.2039    0.240
    34 -74.2325   4.0878   9.7911   1.8000   1.1448  -1.6625  -0.1645  -0.9241  -0.9236   0.1039   0.0000  -0.0062   0.2247    0.243
    35 -74.2182   3.4619   9.7382   1.8000   1.1162  -1.7613  -0.1518  -0.9790  -0.9785   0.1036   0.0000  -0.0049   0.2396    0.245
    36 -74.2042   2.8440   9.6860   1.8000   1.1162  -1.8361  -0.1429  -1.0206  -1.0200   0.1027   0.0000  -0.0042   0.2508    0.246
    37 -74.1899   2.2182   9.6331   1.8000   1.1448  -1.8936  -0.1367  -1.0525  -1.0520   0.1016   0.0000  -0.0037   0.2592    0.246
    38 -74.1755   1.5844   9.5796   1.8000   1.1448  -1.9369  -0.1327  -1.0766  -1.0761   0.1006   0.0000  -0.0036   0.2653    0.247
    39 -74.1611   0.9506   9.5260   1.8000   1.1448  -1.9687  -0.1308  -1.0943  -1.0937   0.0998   0.0000  -0.0040   0.2693    0.246
    40 -74.1467   0.3169   9.4725   1.8000   1.1448  -1.9976  -0.1314  -1.1104  -1.1098   0.0985   0.0000  -0.0060   0.2713    0.245
 ---------------------------------------------------------------
