 ---------------------------------------------------------------
 Surface and Strip Forces by surface

  Sref = 0.74000       Cref = 0.55000       Bref =  1.3500    
  Xref =  0.0000       Yref =  0.0000       Zref =  0.0000    

  Surface # 1     daggerboard                             
     # Chordwise =  3   # Spanwise = 10     First strip =  1
     Surface area Ssurf =    0.441050     Ave. chord Cave =    0.344570

 Forces referred to Sref, Cref, Bref about Xref, Yref, Zref
 Standard axis orientation,  X fwd, Z down         
     CLsurf  =   0.08868     Clsurf  =   0.04876
     CYsurf  =  -0.00019     Cmsurf  =   0.41206
     CDsurf  =   0.00087     Cnsurf  =   0.00113
     CDisurf =   0.00087     CDvsurf =   0.00000

 Forces referred to Ssurf, Cave 
     CLsurf  =  -0.14879     CDsurf  =   0.00146

 Strip Forces referred to Strip Area, Chord
    j     Xle      Yle      Zle      Chord    Area     c_cl     ai     cl_norm    cl       cd       cdv    cm_c/4     cm_LE   C.P.x/c
     1  -2.7167  -0.1850   0.0000   0.4000   0.0440  -0.0374  -0.0316  -0.0938  -0.0935   0.0014   0.0000  -0.0031   0.0202    0.217
     2  -2.7100  -0.2950   0.0000   0.4000   0.0440  -0.0504  -0.0298  -0.1265  -0.1261   0.0016   0.0000  -0.0027   0.0288    0.229
     3  -2.7033  -0.4050   0.0000   0.4000   0.0440  -0.0572   0.0025  -0.1435  -0.1430   0.0017   0.0000  -0.0020   0.0336    0.236
     4  -2.6900  -0.5400   0.0000   0.3950   0.0632  -0.0612  -0.0130  -0.1568  -0.1550   0.0017   0.0000  -0.0016   0.0369    0.240
     5  -2.6700  -0.7000   0.0000   0.3850   0.0616  -0.0621  -0.0085  -0.1633  -0.1613   0.0016   0.0000  -0.0014   0.0386    0.241
     6  -2.6500  -0.8317   0.0000   0.3717   0.0384  -0.0604  -0.0127  -0.1665  -0.1627   0.0016   0.0000  -0.0013   0.0386    0.242
     7  -2.6300  -0.9350   0.0000   0.3550   0.0367  -0.0576  -0.0071  -0.1662  -0.1624   0.0015   0.0000  -0.0014   0.0385    0.241
     8  -2.6100  -1.0383   0.0000   0.3383   0.0350  -0.0532  -0.0226  -0.1611  -0.1574   0.0016   0.0000  -0.0012   0.0375    0.243
     9  -2.5500  -1.1900   0.0000   0.2900   0.0580  -0.0454  -0.0203  -0.1817  -0.1566   0.0013   0.0000  -0.0011   0.0340    0.243
    10  -2.3900  -1.3500   0.0000   0.1350   0.0162  -0.0262  -0.0087  -0.5494  -0.1944  -0.0015   0.0000   0.0091   0.0276    0.297

  Surface # 2     rudder                                  
     # Chordwise =  3   # Spanwise = 10     First strip = 11
     Surface area Ssurf =    0.255272     Ave. chord Cave =    0.271512

 Forces referred to Sref, Cref, Bref about Xref, Yref, Zref
 Standard axis orientation,  X fwd, Z down         
     CLsurf  =   0.00026     Clsurf  =   0.00182
     CYsurf  =   0.00008     Cmsurf  =   0.00055
     CDsurf  =  -0.00009     Cnsurf  =   0.00003
     CDisurf =  -0.00009     CDvsurf =   0.00000

 Forces referred to Ssurf, Cave 
     CLsurf  =   0.00075     CDsurf  =  -0.00027

 Strip Forces referred to Strip Area, Chord
    j     Xle      Yle      Zle      Chord    Area     c_cl     ai     cl_norm    cl       cd       cdv    cm_c/4     cm_LE   C.P.x/c
    11   0.0325   0.0675   0.0007   0.3275   0.0377   0.0200  -0.0351   0.0612   0.0611  -0.0007   0.0000   0.0039  -0.0113    0.186
    12   0.0375   0.1825   0.0009   0.3225   0.0371   0.0098   0.0339   0.0303   0.0303   0.0001   0.0000   0.0007  -0.0069    0.227
    13   0.0433   0.2783   0.0010   0.3167   0.0243   0.0025   0.0300   0.0080   0.0079   0.0001   0.0000  -0.0006  -0.0025    0.323
    14   0.0500   0.3550   0.0012   0.3100   0.0238  -0.0017   0.1128  -0.0055  -0.0054  -0.0001   0.0000  -0.0009   0.0005    0.092
    15   0.0566   0.4317   0.0015   0.3033   0.0233  -0.0045   0.0036  -0.0147  -0.0147  -0.0002   0.0000  -0.0008   0.0028    0.193
    16   0.0725   0.5300   0.0019   0.2900   0.0348  -0.0065   0.0131  -0.0230  -0.0224  -0.0003   0.0000  -0.0007   0.0048    0.217
    17   0.0975   0.6500   0.0027   0.2700   0.0324  -0.0073   0.0127  -0.0277  -0.0270  -0.0003   0.0000  -0.0006   0.0060    0.227
    18   0.1324   0.7500   0.0038   0.2375   0.0190  -0.0067   0.0161  -0.0331  -0.0281  -0.0004   0.0000  -0.0004   0.0058    0.237
    19   0.1774   0.8300   0.0052   0.1925   0.0154  -0.0057   0.0126  -0.0352  -0.0299  -0.0004   0.0000  -0.0004   0.0062    0.238
    20   0.2799   0.9100   0.0084   0.0950   0.0076  -0.0038   0.0075  -0.1355  -0.0405  -0.0007   0.0000   0.0018   0.0054    0.295
 ---------------------------------------------------------------
