 ---------------------------------------------------------------
 Surface and Strip Forces by surface

  Sref = 0.36000       Cref = 0.25000       Bref =  1.4700    
  Xref =  0.0000       Yref =  0.0000       Zref =  0.0000    

  Surface # 1     daggerboard                             
     # Chordwise =  2   # Spanwise = 10     First strip =  1
     Surface area Ssurf =    0.359712     Ave. chord Cave =    0.247102

 Forces referred to Sref, Cref, Bref about Xref, Yref, Zref
 Standard axis orientation,  X fwd, Z down         
     CLsurf  =   0.79071     Clsurf  =   0.42666
     CYsurf  =   0.00345     Cmsurf  =   7.46619
     CDsurf  =   0.02640     Cnsurf  =   0.06834
     CDisurf =   0.02640     CDvsurf =   0.00000

 Forces referred to Ssurf, Cave 
     CLsurf  =   0.79135     CDsurf  =   0.02642

 Strip Forces referred to Strip Area, Chord
    j     Xle      Yle      Zle      Chord    Area     c_cl     ai     cl_norm    cl       cd       cdv    cm_c/4     cm_LE   C.P.x/c
     1  -2.3169  -1.5016   0.0000   0.0917   0.0165   0.0949   0.0215   1.0907   1.0513  -0.0010   0.0000  -0.0003  -0.2472    0.250
     2  -2.3736  -1.3217   0.0000   0.1768   0.0318   0.1571   0.0522   0.9328   0.8992   0.0179   0.0000   0.0017  -0.2103    0.248
     3  -2.4104  -1.1704   0.0000   0.2289   0.0280   0.1913   0.0622   0.8523   0.8440   0.0252   0.0000   0.0032  -0.2037    0.246
     4  -2.4275  -1.0480   0.0000   0.2479   0.0304   0.2110   0.0610   0.8683   0.8599   0.0244   0.0000   0.0031  -0.2076    0.246
     5  -2.4446  -0.9256   0.0000   0.2669   0.0327   0.2248   0.0624   0.8590   0.8507   0.0262   0.0000   0.0027  -0.2059    0.247
     6  -2.4585  -0.8033   0.0000   0.2812   0.0343   0.2336   0.0645   0.8428   0.8389   0.0276   0.0000   0.0029  -0.2041    0.247
     7  -2.4694  -0.6812   0.0000   0.2907   0.0355   0.2375   0.0674   0.8285   0.8247   0.0280   0.0000   0.0035  -0.1999    0.246
     8  -2.4802  -0.5591   0.0000   0.3002   0.0367   0.2359   0.0726   0.7962   0.7925   0.0297   0.0000   0.0044  -0.1913    0.245
     9  -2.4919  -0.4075   0.0000   0.3097   0.0561   0.2249   0.0822   0.7342   0.7320   0.0315   0.0000   0.0063  -0.1748    0.241
    10  -2.5043  -0.2265   0.0000   0.3190   0.0578   0.1811   0.1005   0.5724   0.5707   0.0320   0.0000   0.0105  -0.1311    0.232
 ---------------------------------------------------------------
